<?xml version="1.0" encoding="UTF-8"?>
<coverage generated="1464627644">
  <project timestamp="1464627644">
    <package name="Fmizzell\GeneticAlgorithm">
      <file name="/home/fmizzell/workspace/genetic-algorithm/src/Breeder.php">
        <class name="Breeder" namespace="Fmizzell\GeneticAlgorithm">
          <metrics methods="6" coveredmethods="4" conditionals="0" coveredconditionals="0" statements="27" coveredstatements="24" elements="33" coveredelements="28"/>
        </class>
        <line num="10" type="method" name="__construct" crap="1" count="1"/>
        <line num="12" type="stmt" count="1"/>
        <line num="14" type="method" name="setRandomIntegerGenerator" crap="2" count="0"/>
        <line num="15" type="stmt" count="0"/>
        <line num="16" type="stmt" count="0"/>
        <line num="18" type="method" name="getChildren" crap="2" count="1"/>
        <line num="19" type="stmt" count="1"/>
        <line num="20" type="stmt" count="1"/>
        <line num="21" type="stmt" count="1"/>
        <line num="23" type="stmt" count="1"/>
        <line num="25" type="stmt" count="1"/>
        <line num="26" type="stmt" count="1"/>
        <line num="28" type="stmt" count="1"/>
        <line num="29" type="stmt" count="1"/>
        <line num="30" type="stmt" count="1"/>
        <line num="31" type="stmt" count="1"/>
        <line num="34" type="method" name="split" crap="3" count="1"/>
        <line num="35" type="stmt" count="1"/>
        <line num="36" type="stmt" count="1"/>
        <line num="37" type="stmt" count="1"/>
        <line num="38" type="stmt" count="1"/>
        <line num="39" type="stmt" count="1"/>
        <line num="40" type="stmt" count="1"/>
        <line num="41" type="stmt" count="1"/>
        <line num="44" type="method" name="getNewChromosome" crap="2" count="1"/>
        <line num="45" type="stmt" count="1"/>
        <line num="46" type="stmt" count="1"/>
        <line num="47" type="stmt" count="1"/>
        <line num="48" type="stmt" count="1"/>
        <line num="49" type="stmt" count="1"/>
        <line num="50" type="stmt" count="1"/>
        <line num="53" type="method" name="execute" crap="2" count="0"/>
        <line num="54" type="stmt" count="0"/>
        <metrics loc="55" ncloc="55" classes="1" methods="6" coveredmethods="4" conditionals="0" coveredconditionals="0" statements="27" coveredstatements="24" elements="33" coveredelements="28"/>
      </file>
      <file name="/home/fmizzell/workspace/genetic-algorithm/src/Evolution.php">
        <class name="Evolution" namespace="Fmizzell\GeneticAlgorithm">
          <metrics methods="6" coveredmethods="0" conditionals="0" coveredconditionals="0" statements="50" coveredstatements="0" elements="56" coveredelements="0"/>
        </class>
        <line num="29" type="method" name="__construct" crap="2" count="0"/>
        <line num="30" type="stmt" count="0"/>
        <line num="31" type="stmt" count="0"/>
        <line num="32" type="stmt" count="0"/>
        <line num="34" type="method" name="setMaximunNumberOfGenerations" crap="2" count="0"/>
        <line num="35" type="stmt" count="0"/>
        <line num="36" type="stmt" count="0"/>
        <line num="38" type="method" name="setStopCriteria" crap="2" count="0"/>
        <line num="39" type="stmt" count="0"/>
        <line num="40" type="stmt" count="0"/>
        <line num="42" type="method" name="addOperator" crap="2" count="0"/>
        <line num="43" type="stmt" count="0"/>
        <line num="44" type="stmt" count="0"/>
        <line num="45" type="stmt" count="0"/>
        <line num="46" type="stmt" count="0"/>
        <line num="47" type="stmt" count="0"/>
        <line num="48" type="stmt" count="0"/>
        <line num="50" type="method" name="evolve" crap="20" count="0"/>
        <line num="51" type="stmt" count="0"/>
        <line num="53" type="stmt" count="0"/>
        <line num="54" type="stmt" count="0"/>
        <line num="56" type="stmt" count="0"/>
        <line num="58" type="stmt" count="0"/>
        <line num="59" type="stmt" count="0"/>
        <line num="61" type="stmt" count="0"/>
        <line num="62" type="stmt" count="0"/>
        <line num="65" type="stmt" count="0"/>
        <line num="66" type="stmt" count="0"/>
        <line num="67" type="stmt" count="0"/>
        <line num="69" type="stmt" count="0"/>
        <line num="71" type="stmt" count="0"/>
        <line num="72" type="stmt" count="0"/>
        <line num="73" type="stmt" count="0"/>
        <line num="75" type="method" name="getPopulationFromOperators" crap="30" count="0"/>
        <line num="76" type="stmt" count="0"/>
        <line num="78" type="stmt" count="0"/>
        <line num="80" type="stmt" count="0"/>
        <line num="82" type="stmt" count="0"/>
        <line num="85" type="stmt" count="0"/>
        <line num="86" type="stmt" count="0"/>
        <line num="88" type="stmt" count="0"/>
        <line num="89" type="stmt" count="0"/>
        <line num="90" type="stmt" count="0"/>
        <line num="91" type="stmt" count="0"/>
        <line num="92" type="stmt" count="0"/>
        <line num="94" type="stmt" count="0"/>
        <line num="96" type="stmt" count="0"/>
        <line num="97" type="stmt" count="0"/>
        <line num="98" type="stmt" count="0"/>
        <line num="99" type="stmt" count="0"/>
        <line num="100" type="stmt" count="0"/>
        <line num="101" type="stmt" count="0"/>
        <line num="103" type="stmt" count="0"/>
        <line num="104" type="stmt" count="0"/>
        <line num="105" type="stmt" count="0"/>
        <line num="106" type="stmt" count="0"/>
        <metrics loc="106" ncloc="93" classes="1" methods="6" coveredmethods="0" conditionals="0" coveredconditionals="0" statements="50" coveredstatements="0" elements="56" coveredelements="0"/>
      </file>
      <file name="/home/fmizzell/workspace/genetic-algorithm/src/FitnessEvaluator.php">
        <class name="FitnessEvaluator" namespace="Fmizzell\GeneticAlgorithm">
          <metrics methods="1" coveredmethods="1" conditionals="0" coveredconditionals="0" statements="5" coveredstatements="5" elements="6" coveredelements="6"/>
        </class>
        <line num="13" type="method" name="evaluate" crap="2" count="1"/>
        <line num="14" type="stmt" count="1"/>
        <line num="15" type="stmt" count="1"/>
        <line num="16" type="stmt" count="1"/>
        <line num="17" type="stmt" count="1"/>
        <line num="18" type="stmt" count="1"/>
        <metrics loc="19" ncloc="13" classes="1" methods="1" coveredmethods="1" conditionals="0" coveredconditionals="0" statements="5" coveredstatements="5" elements="6" coveredelements="6"/>
      </file>
      <file name="/home/fmizzell/workspace/genetic-algorithm/src/Mutator.php">
        <class name="Mutator" namespace="Fmizzell\GeneticAlgorithm">
          <metrics methods="4" coveredmethods="3" conditionals="0" coveredconditionals="0" statements="12" coveredstatements="11" elements="16" coveredelements="14"/>
        </class>
        <line num="9" type="method" name="__construct" crap="1" count="1"/>
        <line num="10" type="stmt" count="1"/>
        <line num="11" type="stmt" count="1"/>
        <line num="13" type="method" name="setProbabilityChecker" crap="1" count="1"/>
        <line num="14" type="stmt" count="1"/>
        <line num="15" type="stmt" count="1"/>
        <line num="17" type="method" name="getMutant" crap="3" count="1"/>
        <line num="19" type="stmt" count="1"/>
        <line num="20" type="stmt" count="1"/>
        <line num="21" type="stmt" count="1"/>
        <line num="22" type="stmt" count="1"/>
        <line num="23" type="stmt" count="1"/>
        <line num="24" type="stmt" count="1"/>
        <line num="25" type="stmt" count="1"/>
        <line num="28" type="method" name="execute" crap="2" count="0"/>
        <line num="29" type="stmt" count="0"/>
        <metrics loc="30" ncloc="28" classes="1" methods="4" coveredmethods="3" conditionals="0" coveredconditionals="0" statements="12" coveredstatements="11" elements="16" coveredelements="14"/>
      </file>
      <file name="/home/fmizzell/workspace/genetic-algorithm/src/SelectionPool.php">
        <class name="SelectionPool" namespace="Fmizzell\GeneticAlgorithm">
          <metrics methods="6" coveredmethods="4" conditionals="0" coveredconditionals="0" statements="28" coveredstatements="24" elements="34" coveredelements="28"/>
        </class>
        <line num="24" type="method" name="__construct" crap="1" count="1"/>
        <line num="25" type="stmt" count="1"/>
        <line num="26" type="stmt" count="1"/>
        <line num="27" type="stmt" count="1"/>
        <line num="28" type="stmt" count="1"/>
        <line num="30" type="method" name="getNextChromosome" crap="2" count="0"/>
        <line num="31" type="stmt" count="0"/>
        <line num="32" type="stmt" count="0"/>
        <line num="35" type="method" name="getHighestFitness" crap="1" count="1"/>
        <line num="36" type="stmt" count="1"/>
        <line num="39" type="method" name="populatePool" crap="4.18" count="1"/>
        <line num="40" type="stmt" count="1"/>
        <line num="42" type="stmt" count="1"/>
        <line num="44" type="stmt" count="1"/>
        <line num="45" type="stmt" count="0"/>
        <line num="46" type="stmt" count="0"/>
        <line num="48" type="stmt" count="1"/>
        <line num="49" type="stmt" count="1"/>
        <line num="51" type="stmt" count="1"/>
        <line num="52" type="stmt" count="1"/>
        <line num="54" type="method" name="calculatePopulationFitness" crap="3" count="1"/>
        <line num="55" type="stmt" count="1"/>
        <line num="56" type="stmt" count="1"/>
        <line num="58" type="stmt" count="1"/>
        <line num="59" type="stmt" count="1"/>
        <line num="61" type="stmt" count="1"/>
        <line num="63" type="stmt" count="1"/>
        <line num="65" type="stmt" count="1"/>
        <line num="66" type="stmt" count="1"/>
        <line num="67" type="stmt" count="1"/>
        <line num="68" type="stmt" count="1"/>
        <line num="70" type="stmt" count="1"/>
        <line num="73" type="method" name="getIterator" crap="1" count="1"/>
        <line num="74" type="stmt" count="1"/>
        <metrics loc="75" ncloc="67" classes="1" methods="6" coveredmethods="4" conditionals="0" coveredconditionals="0" statements="28" coveredstatements="24" elements="34" coveredelements="28"/>
      </file>
    </package>
    <package name="Fmizzell\GeneticAlgorithm\Chromosome">
      <file name="/home/fmizzell/workspace/genetic-algorithm/src/Chromosome/Binary.php">
        <class name="Binary" namespace="Fmizzell\GeneticAlgorithm\Chromosome">
          <metrics methods="2" coveredmethods="2" conditionals="0" coveredconditionals="0" statements="9" coveredstatements="9" elements="11" coveredelements="11"/>
        </class>
        <line num="6" type="method" name="__construct" crap="1" count="4"/>
        <line num="7" type="stmt" count="4"/>
        <line num="8" type="stmt" count="4"/>
        <line num="9" type="stmt" count="4"/>
        <line num="11" type="method" name="flipGene" crap="2" count="2"/>
        <line num="12" type="stmt" count="2"/>
        <line num="13" type="stmt" count="2"/>
        <line num="14" type="stmt" count="2"/>
        <line num="15" type="stmt" count="2"/>
        <line num="16" type="stmt" count="2"/>
        <line num="17" type="stmt" count="2"/>
        <metrics loc="19" ncloc="19" classes="1" methods="2" coveredmethods="2" conditionals="0" coveredconditionals="0" statements="9" coveredstatements="9" elements="11" coveredelements="11"/>
      </file>
      <file name="/home/fmizzell/workspace/genetic-algorithm/src/Chromosome/Chromosome.php">
        <class name="Chromosome" namespace="Fmizzell\GeneticAlgorithm\Chromosome">
          <metrics methods="8" coveredmethods="8" conditionals="0" coveredconditionals="0" statements="26" coveredstatements="26" elements="34" coveredelements="34"/>
        </class>
        <line num="10" type="method" name="__construct" crap="1" count="4"/>
        <line num="11" type="stmt" count="4"/>
        <line num="12" type="stmt" count="4"/>
        <line num="13" type="stmt" count="4"/>
        <line num="22" type="method" name="getIterator" crap="1" count="3"/>
        <line num="23" type="stmt" count="3"/>
        <line num="38" type="method" name="offsetExists" crap="3" count="2"/>
        <line num="39" type="stmt" count="2"/>
        <line num="40" type="stmt" count="2"/>
        <line num="42" type="stmt" count="1"/>
        <line num="54" type="method" name="offsetGet" crap="2" count="1"/>
        <line num="55" type="stmt" count="1"/>
        <line num="56" type="stmt" count="1"/>
        <line num="58" type="stmt" count="1"/>
        <line num="73" type="method" name="offsetSet" crap="2" count="2"/>
        <line num="74" type="stmt" count="2"/>
        <line num="75" type="stmt" count="2"/>
        <line num="76" type="stmt" count="2"/>
        <line num="78" type="stmt" count="1"/>
        <line num="80" type="stmt" count="2"/>
        <line num="91" type="method" name="offsetUnset" crap="2" count="1"/>
        <line num="92" type="stmt" count="1"/>
        <line num="93" type="stmt" count="1"/>
        <line num="94" type="stmt" count="1"/>
        <line num="96" type="stmt" count="1"/>
        <line num="98" type="stmt" count="1"/>
        <line num="109" type="method" name="count" crap="1" count="2"/>
        <line num="110" type="stmt" count="2"/>
        <line num="113" type="method" name="__toString" crap="2" count="2"/>
        <line num="114" type="stmt" count="2"/>
        <line num="115" type="stmt" count="2"/>
        <line num="116" type="stmt" count="2"/>
        <line num="117" type="stmt" count="2"/>
        <line num="118" type="stmt" count="2"/>
        <metrics loc="120" ncloc="62" classes="1" methods="8" coveredmethods="8" conditionals="0" coveredconditionals="0" statements="26" coveredstatements="26" elements="34" coveredelements="34"/>
      </file>
    </package>
    <package name="Fmizzell\GeneticAlgorithm\Util\Random">
      <file name="/home/fmizzell/workspace/genetic-algorithm/src/Util/Random/IntegerGenerator.php">
        <class name="IntegerGenerator" namespace="Fmizzell\GeneticAlgorithm\Util\Random">
          <metrics methods="2" coveredmethods="2" conditionals="0" coveredconditionals="0" statements="4" coveredstatements="4" elements="6" coveredelements="6"/>
        </class>
        <line num="9" type="method" name="__construct" crap="1" count="1"/>
        <line num="10" type="stmt" count="1"/>
        <line num="11" type="stmt" count="1"/>
        <line num="12" type="stmt" count="1"/>
        <line num="14" type="method" name="generate" crap="1" count="1"/>
        <line num="15" type="stmt" count="1"/>
        <metrics loc="17" ncloc="17" classes="1" methods="2" coveredmethods="2" conditionals="0" coveredconditionals="0" statements="4" coveredstatements="4" elements="6" coveredelements="6"/>
      </file>
      <file name="/home/fmizzell/workspace/genetic-algorithm/src/Util/Random/ProbabilityChecker.php">
        <class name="ProbabilityChecker" namespace="Fmizzell\GeneticAlgorithm\Util\Random">
          <metrics methods="1" coveredmethods="0" conditionals="0" coveredconditionals="0" statements="2" coveredstatements="0" elements="3" coveredelements="0"/>
        </class>
        <line num="6" type="method" name="check" crap="6" count="0"/>
        <line num="7" type="stmt" count="0"/>
        <line num="8" type="stmt" count="0"/>
        <metrics loc="9" ncloc="9" classes="1" methods="1" coveredmethods="0" conditionals="0" coveredconditionals="0" statements="2" coveredstatements="0" elements="3" coveredelements="0"/>
      </file>
    </package>
    <metrics files="9" loc="450" ncloc="363" classes="9" methods="36" coveredmethods="24" conditionals="0" coveredconditionals="0" statements="163" coveredstatements="103" elements="199" coveredelements="127"/>
  </project>
</coverage>
